<?xml version="1.0" encoding="UTF-8"?>
<!-- Generated by org.testng.reporters.JUnitReportReporter -->
<testsuite hostname="DESKTOP-NS9V9UI" failures="0" tests="1" name="com.inetBanking.testcases.LoginTest" time="40.280" errors="0" timestamp="2024-07-19T17:47:45 IST" skipped="0">
  <testcase classname="com.inetBanking.testcases.LoginTest" name="loginTest" time="40.280"/>
</testsuite> <!-- com.inetBanking.testcases.LoginTest -->
